Arguments: 
  /Users/wangwei/.nvm/versions/node/v10.7.0/bin/node /usr/local/bin/yarn add cli-spinner

PATH: 
  /Users/wangwei/.nvm/versions/node/v10.7.0/bin:/usr/local/bin:/usr/bin:/bin:/usr/sbin:/sbin

Yarn version: 
  1.9.4

Node version: 
  10.7.0

Platform: 
  darwin x64

Trace: 
  Error: https://registry.yarnpkg.com/cli-spinner/-/cli-spinner-0.2.10.tgz: ETIMEDOUT
      at Timeout._onTimeout (/usr/local/lib/node_modules/yarn/lib/cli.js:138128:19)
      at ontimeout (timers.js:427:11)
      at tryOnTimeout (timers.js:289:5)
      at listOnTimeout (timers.js:252:5)
      at Timer.processTimers (timers.js:212:10)

npm manifest: 
  {
    "name": "0049",
    "version": "1.0.0",
    "description": ">",
    "main": "index.js",
    "scripts": {
      "test": "echo \"Error: no test specified\" && exit 1"
    },
    "keywords": [],
    "author": "",
    "license": "ISC",
    "dependencies": {
      "cli-spinner": "^0.2.10"
    }
  }

yarn manifest: 
  No manifest

Lockfile: 
  No lockfile
